<html>
<head>
<title>TestNG:  Test</title>
<link href="../testng.css" rel="stylesheet" type="text/css" />
<link href="../my-testng.css" rel="stylesheet" type="text/css" />

<style type="text/css">
.log { display: none;} 
.stack-trace { display: none;} 
</style>
<script type="text/javascript">
<!--
function flip(e) {
  current = e.style.display;
  if (current == 'block') {
    e.style.display = 'none';
    return 0;
  }
  else {
    e.style.display = 'block';
    return 1;
  }
}

function toggleBox(szDivId, elem, msg1, msg2)
{
  var res = -1;  if (document.getElementById) {
    res = flip(document.getElementById(szDivId));
  }
  else if (document.all) {
    // this is the way old msie versions work
    res = flip(document.all[szDivId]);
  }
  if(elem) {
    if(res == 0) elem.innerHTML = msg1; else elem.innerHTML = msg2;
  }

}

function toggleAllBoxes() {
  if (document.getElementsByTagName) {
    d = document.getElementsByTagName('div');
    for (i = 0; i < d.length; i++) {
      if (d[i].className == 'log') {
        flip(d[i]);
      }
    }
  }
}

// -->
</script>

</head>
<body>
<h2 align='center'>Test</h2><table border='1' align="center">
<tr>
<td>Tests passed/Failed/Skipped:</td><td>0/2/0</td>
</tr><tr>
<td>Started on:</td><td>Fri May 01 19:49:04 IST 2020</td>
</tr>
<tr><td>Total time:</td><td>9 seconds (9467 ms)</td>
</tr><tr>
<td>Included groups:</td><td></td>
</tr><tr>
<td>Excluded groups:</td><td></td>
</tr>
</table><p/>
<small><i>(Hover the method name to see the test class name)</i></small><p/>
<table width='100%' border='1' class='invocation-failed'>
<tr><td colspan='4' align='center'><b>FAILED TESTS</b></td></tr>
<tr><td><b>Test method</b></td>
<td width="30%"><b>Exception</b></td>
<td width="10%"><b>Time (seconds)</b></td>
<td><b>Instance</b></td>
</tr>
<tr>
<td title='com.Automation.TestRunner.TestRunner.features()'><b>features</b><br>Test class: com.Automation.TestRunner.TestRunner<br>Parameters: Validating Youtube results page feature</td>
<td><div><pre>cucumber.runtime.CucumberException: org.openqa.selenium.SessionNotCreatedException: session not created: This version of ChromeDriver only supports Chrome version 79
Build info: version: &apos;3.11.0&apos;, revision: &apos;e59cfb3&apos;, time: &apos;2018-03-11T20:26:55.152Z&apos;
System info: host: &apos;SATHISH-PC&apos;, ip: &apos;192.168.70.1&apos;, os.name: &apos;Windows 7&apos;, os.arch: &apos;x86&apos;, os.version: &apos;6.1&apos;, java.version: &apos;1.8.0_144&apos;
Driver info: driver.version: ChromeDriver
remote stacktrace: Backtrace:
	Ordinal0 [0x0123A113+1548563]
	Ordinal0 [0x011BDDA1+1039777]
	Ordinal0 [0x0113E485+517253]
	Ordinal0 [0x010CFD34+64820]
	Ordinal0 [0x010CC61E+50718]
	Ordinal0 [0x010EB797+178071]
	Ordinal0 [0x010EB59D+177565]
	Ordinal0 [0x010E95FB+169467]
	Ordinal0 [0x010D160A+71178]
	Ordinal0 [0x010D2690+75408]
	Ordinal0 [0x010D2629+75305]
	Ordinal0 [0x011D71B7+1143223]
	GetHandleVerifier [0x012D2B46+507814]
	GetHandleVerifier [0x012D2864+507076]
	GetHandleVerifier [0x012D9F47+537511]
	GetHandleVerifier [0x012D3402+510050]
	Ordinal0 [0x011CF29C+1110684]
	Ordinal0 [0x011D938B+1151883]
	Ordinal0 [0x011D94F3+1152243]
	Ordinal0 [0x011D83F5+1147893]
	BaseThreadInitThunk [0x771DEF1C+18]
	RtlInitializeExceptionChain [0x7708367A+239]
	RtlInitializeExceptionChain [0x7708364D+194]

	at cucumber.api.testng.TestNGCucumberRunner.runCucumber(TestNGCucumberRunner.java:69)
	at com.Automation.TestRunner.TestRunner.features(TestRunner.java:33)
Caused by: org.openqa.selenium.SessionNotCreatedException: session not created: This version of ChromeDriver only supports Chrome version 79
Build info: version: &apos;3.11.0&apos;, revision: &apos;e59cfb3&apos;, time: &apos;2018-03-11T20:26:55.152Z&apos;
System info: host: &apos;SATHISH-PC&apos;, ip: &apos;192.168.70.1&apos;, os.name: &apos;Windows 7&apos;, os.arch: &apos;x86&apos;, os.version: &apos;6.1&apos;, java.version: &apos;1.8.0_144&apos;
Driver info: driver.version: ChromeDriver
remote stacktrace: Backtrace:
	Ordinal0 [0x0123A113+1548563]
	Ordinal0 [0x011BDDA1+1039777]
	Ordinal0 [0x0113E485+517253]
	Ordinal0 [0x010CFD34+64820]
	Ordinal0 [0x010CC61E+50718]
	Ordinal0 [0x010EB797+178071]
	Ordinal0 [0x010EB59D+177565]
	Ordinal0 [0x010E95FB+169467]
	Ordinal0 [0x010D160A+71178]
	Ordinal0 [0x010D2690+75408]
	Ordinal0 [0x010D2629+75305]
	Ordinal0 [0x011D71B7+1143223]
	GetHandleVerifier [0x012D2B46+507814]
	GetHandleVerifier [0x012D2864+507076]
	GetHandleVerifier [0x012D9F47+537511]
	GetHandleVerifier [0x012D3402+510050]
	Ordinal0 [0x011CF29C+1110684]
	Ordinal0 [0x011D938B+1151883]
	Ordinal0 [0x011D94F3+1152243]
	Ordinal0 [0x011D83F5+1147893]
	BaseThreadInitThunk [0x771DEF1C+18]
	RtlInitializeExceptionChain [0x7708367A+239]
	RtlInitializeExceptionChain [0x7708364D+194]

	at org.openqa.selenium.remote.W3CHandshakeResponse.lambda$new$0(W3CHandshakeResponse.java:57)
	at org.openqa.selenium.remote.W3CHandshakeResponse.lambda$getResponseFunction$2(W3CHandshakeResponse.java:104)
	at org.openqa.selenium.remote.ProtocolHandshake.lambda$createSession$0(ProtocolHandshake.java:123)
	at java.util.stream.ReferencePipeline$3$1.accept(ReferencePipeline.java:193)
	at java.util.Spliterators$ArraySpliterator.tryAdvance(Spliterators.java:958)
	at java.util.stream.ReferencePipeline.forEachWithCancel(ReferencePipeline.java:126)
	at java.util.stream.AbstractPipeline.copyIntoWithCancel(AbstractPipeline.java:498)
	at java.util.stream.AbstractPipeline.copyInto(AbstractPipeline.java:485)
	at java.util.stream.AbstractPipeline.wrapAndCopyInto(AbstractPipeline.java:471)
	at java.util.stream.FindOps$FindOp.evaluateSequential(FindOps.java:152)
	at java.util.stream.AbstractPipeline.evaluate(AbstractPipeline.java:234)
	at java.util.stream.ReferencePipeline.findFirst(ReferencePipeline.java:464)
	at org.openqa.selenium.remote.ProtocolHandshake.createSession(ProtocolHandshake.java:126)
	at org.openqa.selenium.remote.ProtocolHandshake.createSession(ProtocolHandshake.java:73)
	at org.openqa.selenium.remote.HttpCommandExecutor.execute(HttpCommandExecutor.java:136)
	at org.openqa.selenium.remote.service.DriverCommandExecutor.execute(DriverCommandExecutor.java:83)
	at org.openqa.selenium.remote.RemoteWebDriver.execute(RemoteWebDriver.java:545)
	at org.openqa.selenium.remote.RemoteWebDriver.startSession(RemoteWebDriver.java:209)
	at org.openqa.selenium.remote.RemoteWebDriver.&lt;init&gt;(RemoteWebDriver.java:132)
	at org.openqa.selenium.chrome.ChromeDriver.&lt;init&gt;(ChromeDriver.java:181)
	at org.openqa.selenium.chrome.ChromeDriver.&lt;init&gt;(ChromeDriver.java:168)
	at org.openqa.selenium.chrome.ChromeDriver.&lt;init&gt;(ChromeDriver.java:123)
	at com.Automation.Utility.BrowserUtility.OpenBrowser(BrowserUtility.java:13)
	at com.Automation.StepDef.YoutubeReults.open_browser_and_enter_the_url(YoutubeReults.java:28)
	at ?.Given Open browser and enter the url(YoutubeResultsPageValidation.feature:4)
... Removed 29 stack frames</pre></div><a href='#' onClick='toggleBox("stack-trace424997", this, "Click to show all stack frames", "Click to hide stack frames")'>Click to show all stack frames</a>
<div class='stack-trace' id='stack-trace424997'><pre>cucumber.runtime.CucumberException: org.openqa.selenium.SessionNotCreatedException: session not created: This version of ChromeDriver only supports Chrome version 79
Build info: version: &apos;3.11.0&apos;, revision: &apos;e59cfb3&apos;, time: &apos;2018-03-11T20:26:55.152Z&apos;
System info: host: &apos;SATHISH-PC&apos;, ip: &apos;192.168.70.1&apos;, os.name: &apos;Windows 7&apos;, os.arch: &apos;x86&apos;, os.version: &apos;6.1&apos;, java.version: &apos;1.8.0_144&apos;
Driver info: driver.version: ChromeDriver
remote stacktrace: Backtrace:
	Ordinal0 [0x0123A113+1548563]
	Ordinal0 [0x011BDDA1+1039777]
	Ordinal0 [0x0113E485+517253]
	Ordinal0 [0x010CFD34+64820]
	Ordinal0 [0x010CC61E+50718]
	Ordinal0 [0x010EB797+178071]
	Ordinal0 [0x010EB59D+177565]
	Ordinal0 [0x010E95FB+169467]
	Ordinal0 [0x010D160A+71178]
	Ordinal0 [0x010D2690+75408]
	Ordinal0 [0x010D2629+75305]
	Ordinal0 [0x011D71B7+1143223]
	GetHandleVerifier [0x012D2B46+507814]
	GetHandleVerifier [0x012D2864+507076]
	GetHandleVerifier [0x012D9F47+537511]
	GetHandleVerifier [0x012D3402+510050]
	Ordinal0 [0x011CF29C+1110684]
	Ordinal0 [0x011D938B+1151883]
	Ordinal0 [0x011D94F3+1152243]
	Ordinal0 [0x011D83F5+1147893]
	BaseThreadInitThunk [0x771DEF1C+18]
	RtlInitializeExceptionChain [0x7708367A+239]
	RtlInitializeExceptionChain [0x7708364D+194]

	at cucumber.api.testng.TestNGCucumberRunner.runCucumber(TestNGCucumberRunner.java:69)
	at com.Automation.TestRunner.TestRunner.features(TestRunner.java:33)
	at sun.reflect.NativeMethodAccessorImpl.invoke0(Native Method)
	at sun.reflect.NativeMethodAccessorImpl.invoke(NativeMethodAccessorImpl.java:62)
	at sun.reflect.DelegatingMethodAccessorImpl.invoke(DelegatingMethodAccessorImpl.java:43)
	at java.lang.reflect.Method.invoke(Method.java:498)
	at org.testng.internal.MethodInvocationHelper.invokeMethod(MethodInvocationHelper.java:124)
	at org.testng.internal.Invoker.invokeMethod(Invoker.java:583)
	at org.testng.internal.Invoker.invokeTestMethod(Invoker.java:719)
	at org.testng.internal.Invoker.invokeTestMethods(Invoker.java:989)
	at org.testng.internal.TestMethodWorker.invokeTestMethods(TestMethodWorker.java:125)
	at org.testng.internal.TestMethodWorker.run(TestMethodWorker.java:109)
	at org.testng.TestRunner.privateRun(TestRunner.java:648)
	at org.testng.TestRunner.run(TestRunner.java:505)
	at org.testng.SuiteRunner.runTest(SuiteRunner.java:455)
	at org.testng.SuiteRunner.runSequentially(SuiteRunner.java:450)
	at org.testng.SuiteRunner.privateRun(SuiteRunner.java:415)
	at org.testng.SuiteRunner.run(SuiteRunner.java:364)
	at org.testng.SuiteRunnerWorker.runSuite(SuiteRunnerWorker.java:52)
	at org.testng.SuiteRunnerWorker.run(SuiteRunnerWorker.java:84)
	at org.testng.TestNG.runSuitesSequentially(TestNG.java:1208)
	at org.testng.TestNG.runSuitesLocally(TestNG.java:1137)
	at org.testng.TestNG.runSuites(TestNG.java:1049)
	at org.testng.TestNG.run(TestNG.java:1017)
	at org.testng.remote.AbstractRemoteTestNG.run(AbstractRemoteTestNG.java:114)
	at org.testng.remote.RemoteTestNG.initAndRun(RemoteTestNG.java:251)
	at org.testng.remote.RemoteTestNG.main(RemoteTestNG.java:77)
Caused by: org.openqa.selenium.SessionNotCreatedException: session not created: This version of ChromeDriver only supports Chrome version 79
Build info: version: &apos;3.11.0&apos;, revision: &apos;e59cfb3&apos;, time: &apos;2018-03-11T20:26:55.152Z&apos;
System info: host: &apos;SATHISH-PC&apos;, ip: &apos;192.168.70.1&apos;, os.name: &apos;Windows 7&apos;, os.arch: &apos;x86&apos;, os.version: &apos;6.1&apos;, java.version: &apos;1.8.0_144&apos;
Driver info: driver.version: ChromeDriver
remote stacktrace: Backtrace:
	Ordinal0 [0x0123A113+1548563]
	Ordinal0 [0x011BDDA1+1039777]
	Ordinal0 [0x0113E485+517253]
	Ordinal0 [0x010CFD34+64820]
	Ordinal0 [0x010CC61E+50718]
	Ordinal0 [0x010EB797+178071]
	Ordinal0 [0x010EB59D+177565]
	Ordinal0 [0x010E95FB+169467]
	Ordinal0 [0x010D160A+71178]
	Ordinal0 [0x010D2690+75408]
	Ordinal0 [0x010D2629+75305]
	Ordinal0 [0x011D71B7+1143223]
	GetHandleVerifier [0x012D2B46+507814]
	GetHandleVerifier [0x012D2864+507076]
	GetHandleVerifier [0x012D9F47+537511]
	GetHandleVerifier [0x012D3402+510050]
	Ordinal0 [0x011CF29C+1110684]
	Ordinal0 [0x011D938B+1151883]
	Ordinal0 [0x011D94F3+1152243]
	Ordinal0 [0x011D83F5+1147893]
	BaseThreadInitThunk [0x771DEF1C+18]
	RtlInitializeExceptionChain [0x7708367A+239]
	RtlInitializeExceptionChain [0x7708364D+194]

	at sun.reflect.NativeConstructorAccessorImpl.newInstance0(Native Method)
	at sun.reflect.NativeConstructorAccessorImpl.newInstance(NativeConstructorAccessorImpl.java:62)
	at sun.reflect.DelegatingConstructorAccessorImpl.newInstance(DelegatingConstructorAccessorImpl.java:45)
	at java.lang.reflect.Constructor.newInstance(Constructor.java:423)
	at org.openqa.selenium.remote.W3CHandshakeResponse.lambda$new$0(W3CHandshakeResponse.java:57)
	at org.openqa.selenium.remote.W3CHandshakeResponse.lambda$getResponseFunction$2(W3CHandshakeResponse.java:104)
	at org.openqa.selenium.remote.ProtocolHandshake.lambda$createSession$0(ProtocolHandshake.java:123)
	at java.util.stream.ReferencePipeline$3$1.accept(ReferencePipeline.java:193)
	at java.util.Spliterators$ArraySpliterator.tryAdvance(Spliterators.java:958)
	at java.util.stream.ReferencePipeline.forEachWithCancel(ReferencePipeline.java:126)
	at java.util.stream.AbstractPipeline.copyIntoWithCancel(AbstractPipeline.java:498)
	at java.util.stream.AbstractPipeline.copyInto(AbstractPipeline.java:485)
	at java.util.stream.AbstractPipeline.wrapAndCopyInto(AbstractPipeline.java:471)
	at java.util.stream.FindOps$FindOp.evaluateSequential(FindOps.java:152)
	at java.util.stream.AbstractPipeline.evaluate(AbstractPipeline.java:234)
	at java.util.stream.ReferencePipeline.findFirst(ReferencePipeline.java:464)
	at org.openqa.selenium.remote.ProtocolHandshake.createSession(ProtocolHandshake.java:126)
	at org.openqa.selenium.remote.ProtocolHandshake.createSession(ProtocolHandshake.java:73)
	at org.openqa.selenium.remote.HttpCommandExecutor.execute(HttpCommandExecutor.java:136)
	at org.openqa.selenium.remote.service.DriverCommandExecutor.execute(DriverCommandExecutor.java:83)
	at org.openqa.selenium.remote.RemoteWebDriver.execute(RemoteWebDriver.java:545)
	at org.openqa.selenium.remote.RemoteWebDriver.startSession(RemoteWebDriver.java:209)
	at org.openqa.selenium.remote.RemoteWebDriver.&lt;init&gt;(RemoteWebDriver.java:132)
	at org.openqa.selenium.chrome.ChromeDriver.&lt;init&gt;(ChromeDriver.java:181)
	at org.openqa.selenium.chrome.ChromeDriver.&lt;init&gt;(ChromeDriver.java:168)
	at org.openqa.selenium.chrome.ChromeDriver.&lt;init&gt;(ChromeDriver.java:123)
	at com.Automation.Utility.BrowserUtility.OpenBrowser(BrowserUtility.java:13)
	at com.Automation.StepDef.YoutubeReults.open_browser_and_enter_the_url(YoutubeReults.java:28)
	at ?.Given Open browser and enter the url(YoutubeResultsPageValidation.feature:4)
</pre></div></td>
<td>5</td>
<td>com.Automation.TestRunner.TestRunner@3f4d3d</td></tr>
<tr>
<td title='com.Automation.TestRunner.TestRunner.features()'><b>features</b><br>Test class: com.Automation.TestRunner.TestRunner<br>Parameters: Youtube search page validation</td>
<td><div><pre>cucumber.runtime.CucumberException: org.openqa.selenium.SessionNotCreatedException: session not created: This version of ChromeDriver only supports Chrome version 79
Build info: version: &apos;3.11.0&apos;, revision: &apos;e59cfb3&apos;, time: &apos;2018-03-11T20:26:55.152Z&apos;
System info: host: &apos;SATHISH-PC&apos;, ip: &apos;192.168.70.1&apos;, os.name: &apos;Windows 7&apos;, os.arch: &apos;x86&apos;, os.version: &apos;6.1&apos;, java.version: &apos;1.8.0_144&apos;
Driver info: driver.version: ChromeDriver
remote stacktrace: Backtrace:
	Ordinal0 [0x0123A113+1548563]
	Ordinal0 [0x011BDDA1+1039777]
	Ordinal0 [0x0113E485+517253]
	Ordinal0 [0x010CFD34+64820]
	Ordinal0 [0x010CC61E+50718]
	Ordinal0 [0x010EB797+178071]
	Ordinal0 [0x010EB59D+177565]
	Ordinal0 [0x010E95FB+169467]
	Ordinal0 [0x010D160A+71178]
	Ordinal0 [0x010D2690+75408]
	Ordinal0 [0x010D2629+75305]
	Ordinal0 [0x011D71B7+1143223]
	GetHandleVerifier [0x012D2B46+507814]
	GetHandleVerifier [0x012D2864+507076]
	GetHandleVerifier [0x012D9F47+537511]
	GetHandleVerifier [0x012D3402+510050]
	Ordinal0 [0x011CF29C+1110684]
	Ordinal0 [0x011D938B+1151883]
	Ordinal0 [0x011D94F3+1152243]
	Ordinal0 [0x011D83F5+1147893]
	BaseThreadInitThunk [0x771DEF1C+18]
	RtlInitializeExceptionChain [0x7708367A+239]
	RtlInitializeExceptionChain [0x7708364D+194]

	at cucumber.api.testng.TestNGCucumberRunner.runCucumber(TestNGCucumberRunner.java:69)
	at com.Automation.TestRunner.TestRunner.features(TestRunner.java:33)
Caused by: org.openqa.selenium.SessionNotCreatedException: session not created: This version of ChromeDriver only supports Chrome version 79
Build info: version: &apos;3.11.0&apos;, revision: &apos;e59cfb3&apos;, time: &apos;2018-03-11T20:26:55.152Z&apos;
System info: host: &apos;SATHISH-PC&apos;, ip: &apos;192.168.70.1&apos;, os.name: &apos;Windows 7&apos;, os.arch: &apos;x86&apos;, os.version: &apos;6.1&apos;, java.version: &apos;1.8.0_144&apos;
Driver info: driver.version: ChromeDriver
remote stacktrace: Backtrace:
	Ordinal0 [0x0123A113+1548563]
	Ordinal0 [0x011BDDA1+1039777]
	Ordinal0 [0x0113E485+517253]
	Ordinal0 [0x010CFD34+64820]
	Ordinal0 [0x010CC61E+50718]
	Ordinal0 [0x010EB797+178071]
	Ordinal0 [0x010EB59D+177565]
	Ordinal0 [0x010E95FB+169467]
	Ordinal0 [0x010D160A+71178]
	Ordinal0 [0x010D2690+75408]
	Ordinal0 [0x010D2629+75305]
	Ordinal0 [0x011D71B7+1143223]
	GetHandleVerifier [0x012D2B46+507814]
	GetHandleVerifier [0x012D2864+507076]
	GetHandleVerifier [0x012D9F47+537511]
	GetHandleVerifier [0x012D3402+510050]
	Ordinal0 [0x011CF29C+1110684]
	Ordinal0 [0x011D938B+1151883]
	Ordinal0 [0x011D94F3+1152243]
	Ordinal0 [0x011D83F5+1147893]
	BaseThreadInitThunk [0x771DEF1C+18]
	RtlInitializeExceptionChain [0x7708367A+239]
	RtlInitializeExceptionChain [0x7708364D+194]

	at org.openqa.selenium.remote.W3CHandshakeResponse.lambda$new$0(W3CHandshakeResponse.java:57)
	at org.openqa.selenium.remote.W3CHandshakeResponse.lambda$getResponseFunction$2(W3CHandshakeResponse.java:104)
	at org.openqa.selenium.remote.ProtocolHandshake.lambda$createSession$0(ProtocolHandshake.java:123)
	at java.util.stream.ReferencePipeline$3$1.accept(ReferencePipeline.java:193)
	at java.util.Spliterators$ArraySpliterator.tryAdvance(Spliterators.java:958)
	at java.util.stream.ReferencePipeline.forEachWithCancel(ReferencePipeline.java:126)
	at java.util.stream.AbstractPipeline.copyIntoWithCancel(AbstractPipeline.java:498)
	at java.util.stream.AbstractPipeline.copyInto(AbstractPipeline.java:485)
	at java.util.stream.AbstractPipeline.wrapAndCopyInto(AbstractPipeline.java:471)
	at java.util.stream.FindOps$FindOp.evaluateSequential(FindOps.java:152)
	at java.util.stream.AbstractPipeline.evaluate(AbstractPipeline.java:234)
	at java.util.stream.ReferencePipeline.findFirst(ReferencePipeline.java:464)
	at org.openqa.selenium.remote.ProtocolHandshake.createSession(ProtocolHandshake.java:126)
	at org.openqa.selenium.remote.ProtocolHandshake.createSession(ProtocolHandshake.java:73)
	at org.openqa.selenium.remote.HttpCommandExecutor.execute(HttpCommandExecutor.java:136)
	at org.openqa.selenium.remote.service.DriverCommandExecutor.execute(DriverCommandExecutor.java:83)
	at org.openqa.selenium.remote.RemoteWebDriver.execute(RemoteWebDriver.java:545)
	at org.openqa.selenium.remote.RemoteWebDriver.startSession(RemoteWebDriver.java:209)
	at org.openqa.selenium.remote.RemoteWebDriver.&lt;init&gt;(RemoteWebDriver.java:132)
	at org.openqa.selenium.chrome.ChromeDriver.&lt;init&gt;(ChromeDriver.java:181)
	at org.openqa.selenium.chrome.ChromeDriver.&lt;init&gt;(ChromeDriver.java:168)
	at org.openqa.selenium.chrome.ChromeDriver.&lt;init&gt;(ChromeDriver.java:123)
	at com.Automation.Utility.BrowserUtility.OpenBrowser(BrowserUtility.java:13)
	at com.Automation.StepDef.YoutubeSearch.open_the_browcer_and_enter_the_url(YoutubeSearch.java:32)
	at ?.Given Open the browcer and enter the url(YoutubeSearch.feature:4)
... Removed 29 stack frames</pre></div><a href='#' onClick='toggleBox("stack-trace4746616", this, "Click to show all stack frames", "Click to hide stack frames")'>Click to show all stack frames</a>
<div class='stack-trace' id='stack-trace4746616'><pre>cucumber.runtime.CucumberException: org.openqa.selenium.SessionNotCreatedException: session not created: This version of ChromeDriver only supports Chrome version 79
Build info: version: &apos;3.11.0&apos;, revision: &apos;e59cfb3&apos;, time: &apos;2018-03-11T20:26:55.152Z&apos;
System info: host: &apos;SATHISH-PC&apos;, ip: &apos;192.168.70.1&apos;, os.name: &apos;Windows 7&apos;, os.arch: &apos;x86&apos;, os.version: &apos;6.1&apos;, java.version: &apos;1.8.0_144&apos;
Driver info: driver.version: ChromeDriver
remote stacktrace: Backtrace:
	Ordinal0 [0x0123A113+1548563]
	Ordinal0 [0x011BDDA1+1039777]
	Ordinal0 [0x0113E485+517253]
	Ordinal0 [0x010CFD34+64820]
	Ordinal0 [0x010CC61E+50718]
	Ordinal0 [0x010EB797+178071]
	Ordinal0 [0x010EB59D+177565]
	Ordinal0 [0x010E95FB+169467]
	Ordinal0 [0x010D160A+71178]
	Ordinal0 [0x010D2690+75408]
	Ordinal0 [0x010D2629+75305]
	Ordinal0 [0x011D71B7+1143223]
	GetHandleVerifier [0x012D2B46+507814]
	GetHandleVerifier [0x012D2864+507076]
	GetHandleVerifier [0x012D9F47+537511]
	GetHandleVerifier [0x012D3402+510050]
	Ordinal0 [0x011CF29C+1110684]
	Ordinal0 [0x011D938B+1151883]
	Ordinal0 [0x011D94F3+1152243]
	Ordinal0 [0x011D83F5+1147893]
	BaseThreadInitThunk [0x771DEF1C+18]
	RtlInitializeExceptionChain [0x7708367A+239]
	RtlInitializeExceptionChain [0x7708364D+194]

	at cucumber.api.testng.TestNGCucumberRunner.runCucumber(TestNGCucumberRunner.java:69)
	at com.Automation.TestRunner.TestRunner.features(TestRunner.java:33)
	at sun.reflect.NativeMethodAccessorImpl.invoke0(Native Method)
	at sun.reflect.NativeMethodAccessorImpl.invoke(NativeMethodAccessorImpl.java:62)
	at sun.reflect.DelegatingMethodAccessorImpl.invoke(DelegatingMethodAccessorImpl.java:43)
	at java.lang.reflect.Method.invoke(Method.java:498)
	at org.testng.internal.MethodInvocationHelper.invokeMethod(MethodInvocationHelper.java:124)
	at org.testng.internal.Invoker.invokeMethod(Invoker.java:583)
	at org.testng.internal.Invoker.invokeTestMethod(Invoker.java:719)
	at org.testng.internal.Invoker.invokeTestMethods(Invoker.java:989)
	at org.testng.internal.TestMethodWorker.invokeTestMethods(TestMethodWorker.java:125)
	at org.testng.internal.TestMethodWorker.run(TestMethodWorker.java:109)
	at org.testng.TestRunner.privateRun(TestRunner.java:648)
	at org.testng.TestRunner.run(TestRunner.java:505)
	at org.testng.SuiteRunner.runTest(SuiteRunner.java:455)
	at org.testng.SuiteRunner.runSequentially(SuiteRunner.java:450)
	at org.testng.SuiteRunner.privateRun(SuiteRunner.java:415)
	at org.testng.SuiteRunner.run(SuiteRunner.java:364)
	at org.testng.SuiteRunnerWorker.runSuite(SuiteRunnerWorker.java:52)
	at org.testng.SuiteRunnerWorker.run(SuiteRunnerWorker.java:84)
	at org.testng.TestNG.runSuitesSequentially(TestNG.java:1208)
	at org.testng.TestNG.runSuitesLocally(TestNG.java:1137)
	at org.testng.TestNG.runSuites(TestNG.java:1049)
	at org.testng.TestNG.run(TestNG.java:1017)
	at org.testng.remote.AbstractRemoteTestNG.run(AbstractRemoteTestNG.java:114)
	at org.testng.remote.RemoteTestNG.initAndRun(RemoteTestNG.java:251)
	at org.testng.remote.RemoteTestNG.main(RemoteTestNG.java:77)
Caused by: org.openqa.selenium.SessionNotCreatedException: session not created: This version of ChromeDriver only supports Chrome version 79
Build info: version: &apos;3.11.0&apos;, revision: &apos;e59cfb3&apos;, time: &apos;2018-03-11T20:26:55.152Z&apos;
System info: host: &apos;SATHISH-PC&apos;, ip: &apos;192.168.70.1&apos;, os.name: &apos;Windows 7&apos;, os.arch: &apos;x86&apos;, os.version: &apos;6.1&apos;, java.version: &apos;1.8.0_144&apos;
Driver info: driver.version: ChromeDriver
remote stacktrace: Backtrace:
	Ordinal0 [0x0123A113+1548563]
	Ordinal0 [0x011BDDA1+1039777]
	Ordinal0 [0x0113E485+517253]
	Ordinal0 [0x010CFD34+64820]
	Ordinal0 [0x010CC61E+50718]
	Ordinal0 [0x010EB797+178071]
	Ordinal0 [0x010EB59D+177565]
	Ordinal0 [0x010E95FB+169467]
	Ordinal0 [0x010D160A+71178]
	Ordinal0 [0x010D2690+75408]
	Ordinal0 [0x010D2629+75305]
	Ordinal0 [0x011D71B7+1143223]
	GetHandleVerifier [0x012D2B46+507814]
	GetHandleVerifier [0x012D2864+507076]
	GetHandleVerifier [0x012D9F47+537511]
	GetHandleVerifier [0x012D3402+510050]
	Ordinal0 [0x011CF29C+1110684]
	Ordinal0 [0x011D938B+1151883]
	Ordinal0 [0x011D94F3+1152243]
	Ordinal0 [0x011D83F5+1147893]
	BaseThreadInitThunk [0x771DEF1C+18]
	RtlInitializeExceptionChain [0x7708367A+239]
	RtlInitializeExceptionChain [0x7708364D+194]

	at sun.reflect.NativeConstructorAccessorImpl.newInstance0(Native Method)
	at sun.reflect.NativeConstructorAccessorImpl.newInstance(NativeConstructorAccessorImpl.java:62)
	at sun.reflect.DelegatingConstructorAccessorImpl.newInstance(DelegatingConstructorAccessorImpl.java:45)
	at java.lang.reflect.Constructor.newInstance(Constructor.java:423)
	at org.openqa.selenium.remote.W3CHandshakeResponse.lambda$new$0(W3CHandshakeResponse.java:57)
	at org.openqa.selenium.remote.W3CHandshakeResponse.lambda$getResponseFunction$2(W3CHandshakeResponse.java:104)
	at org.openqa.selenium.remote.ProtocolHandshake.lambda$createSession$0(ProtocolHandshake.java:123)
	at java.util.stream.ReferencePipeline$3$1.accept(ReferencePipeline.java:193)
	at java.util.Spliterators$ArraySpliterator.tryAdvance(Spliterators.java:958)
	at java.util.stream.ReferencePipeline.forEachWithCancel(ReferencePipeline.java:126)
	at java.util.stream.AbstractPipeline.copyIntoWithCancel(AbstractPipeline.java:498)
	at java.util.stream.AbstractPipeline.copyInto(AbstractPipeline.java:485)
	at java.util.stream.AbstractPipeline.wrapAndCopyInto(AbstractPipeline.java:471)
	at java.util.stream.FindOps$FindOp.evaluateSequential(FindOps.java:152)
	at java.util.stream.AbstractPipeline.evaluate(AbstractPipeline.java:234)
	at java.util.stream.ReferencePipeline.findFirst(ReferencePipeline.java:464)
	at org.openqa.selenium.remote.ProtocolHandshake.createSession(ProtocolHandshake.java:126)
	at org.openqa.selenium.remote.ProtocolHandshake.createSession(ProtocolHandshake.java:73)
	at org.openqa.selenium.remote.HttpCommandExecutor.execute(HttpCommandExecutor.java:136)
	at org.openqa.selenium.remote.service.DriverCommandExecutor.execute(DriverCommandExecutor.java:83)
	at org.openqa.selenium.remote.RemoteWebDriver.execute(RemoteWebDriver.java:545)
	at org.openqa.selenium.remote.RemoteWebDriver.startSession(RemoteWebDriver.java:209)
	at org.openqa.selenium.remote.RemoteWebDriver.&lt;init&gt;(RemoteWebDriver.java:132)
	at org.openqa.selenium.chrome.ChromeDriver.&lt;init&gt;(ChromeDriver.java:181)
	at org.openqa.selenium.chrome.ChromeDriver.&lt;init&gt;(ChromeDriver.java:168)
	at org.openqa.selenium.chrome.ChromeDriver.&lt;init&gt;(ChromeDriver.java:123)
	at com.Automation.Utility.BrowserUtility.OpenBrowser(BrowserUtility.java:13)
	at com.Automation.StepDef.YoutubeSearch.open_the_browcer_and_enter_the_url(YoutubeSearch.java:32)
	at ?.Given Open the browcer and enter the url(YoutubeSearch.feature:4)
</pre></div></td>
<td>3</td>
<td>com.Automation.TestRunner.TestRunner@3f4d3d</td></tr>
</table><p>
</body>
</html>